\BOOKMARK [0][-]{chapter.1}{Introduction}{}% 1
\BOOKMARK [0][-]{chapter.2}{Related Work}{}% 2
\BOOKMARK [0][-]{chapter.3}{PDR Background}{}% 3
\BOOKMARK [1][-]{section.3.1}{Preliminaries}{chapter.3}% 4
\BOOKMARK [1][-]{section.3.2}{Algorithm}{chapter.3}% 5
\BOOKMARK [1][-]{section.3.3}{Examples}{chapter.3}% 6
\BOOKMARK [2][-]{subsection.3.3.1}{With Failing Property}{section.3.3}% 7
\BOOKMARK [2][-]{subsection.3.3.2}{With Passing Property}{section.3.3}% 8
\BOOKMARK [1][-]{section.3.4}{Possible Improvements}{chapter.3}% 9
\BOOKMARK [0][-]{chapter.4}{PDR as Software Checker}{}% 10
\BOOKMARK [1][-]{section.4.1}{Preliminaries}{chapter.4}% 11
\BOOKMARK [1][-]{section.4.2}{Lifted Algorithm}{chapter.4}% 12
\BOOKMARK [1][-]{section.4.3}{Example}{chapter.4}% 13
\BOOKMARK [2][-]{subsection.4.3.1}{Reachable Error State}{section.4.3}% 14
\BOOKMARK [2][-]{subsection.4.3.2}{Unreachable Error State}{section.4.3}% 15
\BOOKMARK [1][-]{section.4.4}{Possible Improvements}{chapter.4}% 16
\BOOKMARK [0][-]{chapter.5}{Implementation in Ultimate}{}% 17
\BOOKMARK [1][-]{section.5.1}{Ultimate}{chapter.5}% 18
\BOOKMARK [1][-]{section.5.2}{Implementation}{chapter.5}% 19
\BOOKMARK [0][-]{chapter.6}{Evaluation}{}% 20
\BOOKMARK [0][-]{chapter.7}{Future Work}{}% 21
\BOOKMARK [1][-]{section.7.1}{Implementation of Further Improvements}{chapter.7}% 22
\BOOKMARK [2][-]{subsection.7.1.1}{Generalization}{section.7.1}% 23
\BOOKMARK [2][-]{subsection.7.1.2}{Procedures}{section.7.1}% 24
